<?xml version="1.0" encoding="UTF-8"?>
<testng-results skipped="0" failed="0" ignored="0" total="1" passed="1">
  <reporter-output>
  </reporter-output>
  <suite name="Default suite" duration-ms="4204" started-at="2022-07-15T21:32:45 IST" finished-at="2022-07-15T21:32:50 IST">
    <groups>
    </groups>
    <test name="Default test" duration-ms="4204" started-at="2022-07-15T21:32:45 IST" finished-at="2022-07-15T21:32:50 IST">
      <class name="demo.sample">
        <test-method status="PASS" signature="m1()[pri:0, instance:demo.sample@192d3247]" name="m1" duration-ms="4171" started-at="2022-07-15T21:32:45 IST" finished-at="2022-07-15T21:32:50 IST">
          <reporter-output>
          </reporter-output>
        </test-method> <!-- m1 -->
      </class> <!-- demo.sample -->
    </test> <!-- Default test -->
  </suite> <!-- Default suite -->
</testng-results>
